<?xml version="1.0" encoding="UTF-8"?>
<!-- Generated by org.testng.reporters.JUnitReportReporter -->
<testsuite hostname="LAPTOP-56N481MG" failures="0" tests="1" name="apptest.TestApp" time="10.062" errors="0" timestamp="2024-04-12T20:13:07 IST" skipped="0">
  <testcase classname="apptest.TestApp" name="Main" time="10.062"/>
</testsuite> <!-- apptest.TestApp -->
